<?xml version="1.0" encoding="UTF-8"?>
<!-- Generated by org.testng.reporters.JUnitReportReporter -->
<testsuite skipped="0" hostname="LTB0222233-MAC.local" name="com.api.test.getBooksTest" tests="1" failures="0" timestamp="28 Aug 2021 13:38:51 GMT" time="2.335" errors="0">
  <testcase name="getAllBooksData" time="2.335" classname="com.api.test.getBooksTest"/>
</testsuite> <!-- com.api.test.getBooksTest -->
